빌드 시작: 2015-10-27 오후 2:23:42
     1>2 노드의 "D:\0.Git\MFC_BusStation\BusStation_Client\BusStation_Client.vcxproj" 프로젝트(Build 대상)입니다.
     1>ClCompile:
         D:\1.Work\VS_P_2013\VC\bin\CL.exe /c /ZI /nologo /W3 /WX- /Od /Oy- /D WIN32 /D _DEBUG /D _WINDOWS /D _VC80_UPGRADE=0x0600 /D _MBCS /D _AFXDLL /Gm /EHsc /RTC1 /MD /GS /fp:precise /Zc:wchar_t /Zc:forScope /Yc"stdafx.h" /Fp".\Debug/BusStation_Client.pch" /Fo".\Debug/" /Fd".\Debug/vc120.pdb" /Gd /TP /analyze- /errorReport:prompt StdAfx.cpp
         StdAfx.cpp
     1>d:\1.work\vs_p_2013\vc\atlmfc\include\afx.h(38): warning C4996: 'MBCS_Support_Deprecated_In_MFC': MBCS support in MFC is deprecated and may be removed in a future version of MFC.
                 d:\1.work\vs_p_2013\vc\atlmfc\include\afx.h(33) : 'MBCS_Support_Deprecated_In_MFC' 선언을 참조하십시오.
         _WIN32_WINNT not defined. Defaulting to _WIN32_WINNT_MAXVER (see WinSDKVer.h)
         D:\1.Work\VS_P_2013\VC\bin\CL.exe /c /ZI /nologo /W3 /WX- /Od /Oy- /D WIN32 /D _DEBUG /D _WINDOWS /D _VC80_UPGRADE=0x0600 /D _MBCS /D _AFXDLL /Gm /EHsc /RTC1 /MD /GS /fp:precise /Zc:wchar_t /Zc:forScope /Yu"stdafx.h" /Fp".\Debug/BusStation_Client.pch" /Fo".\Debug/" /Fd".\Debug/vc120.pdb" /Gd /TP /analyze- /errorReport:prompt BusStation_Client.cpp BusStation_ClientDoc.cpp BusStation_ClientView.cpp MainFrm.cpp MenuBar.cpp SettingDlg.cpp SubclassWnd.cpp
         SubclassWnd.cpp
         SettingDlg.cpp
         MenuBar.cpp
     1>d:\0.git\mfc_busstation\busstation_client\menubar.h(23): warning C4005: 'AFX_IDW_MENUBAR' : 매크로 재정의
                 d:\1.work\vs_p_2013\vc\atlmfc\include\afxres.h(123) : 'AFX_IDW_MENUBAR'의 이전 정의를 참조하십시오.
         MainFrm.cpp
     1>d:\0.git\mfc_busstation\busstation_client\menubar.h(23): warning C4005: 'AFX_IDW_MENUBAR' : 매크로 재정의
                 d:\1.work\vs_p_2013\vc\atlmfc\include\afxres.h(123) : 'AFX_IDW_MENUBAR'의 이전 정의를 참조하십시오.
         BusStation_ClientView.cpp
     1>d:\0.git\mfc_busstation\busstation_client\busstation_clientview.cpp(339): warning C4996: 'inet_addr': Use inet_pton() or InetPton() instead or define _WINSOCK_DEPRECATED_NO_WARNINGS to disable deprecated API warnings
                 c:\program files (x86)\windows kits\8.1\include\um\winsock2.h(1850) : 'inet_addr' 선언을 참조하십시오.
     1>d:\0.git\mfc_busstation\busstation_client\busstation_clientview.cpp(411): warning C4996: 'strcpy': This function or variable may be unsafe. Consider using strcpy_s instead. To disable deprecation, use _CRT_SECURE_NO_WARNINGS. See online help for details.
                 d:\1.work\vs_p_2013\vc\include\string.h(112) : 'strcpy' 선언을 참조하십시오.
         BusStation_ClientDoc.cpp
         BusStation_Client.cpp
     1>d:\0.git\mfc_busstation\busstation_client\menubar.h(23): warning C4005: 'AFX_IDW_MENUBAR' : 매크로 재정의
                 d:\1.work\vs_p_2013\vc\atlmfc\include\afxres.h(123) : 'AFX_IDW_MENUBAR'의 이전 정의를 참조하십시오.
     1>d:\0.git\mfc_busstation\busstation_client\busstation_client.cpp(56): warning C4996: 'CWinApp::Enable3dControls': CWinApp::Enable3dControls is no longer needed. You should remove this call.
                 d:\1.work\vs_p_2013\vc\atlmfc\include\afxwin.h(5178) : 'CWinApp::Enable3dControls' 선언을 참조하십시오.
         코드를 생성하고 있습니다...
       ResourceCompile:
         C:\Program Files (x86)\Windows Kits\8.1\bin\x86\rc.exe /D _DEBUG /D _VC80_UPGRADE=0x0600 /D _AFXDLL /l"0x0412" /nologo /fo".\Debug\BusStation_Client.res" BusStation_Client.rc 
       Link:
         D:\1.Work\VS_P_2013\VC\bin\link.exe /ERRORREPORT:PROMPT /OUT:".\Debug/BusStation_Client.exe" /INCREMENTAL /NOLOGO WS2_32.lib winmm.lib /MANIFEST /MANIFESTUAC:"level='asInvoker' uiAccess='false'" /manifest:embed /manifestinput:D:\1.Work\VS_P_2013\VC\Include\Manifest\dpiaware.manifest /DEBUG /PDB:".\Debug/BusStation_Client.pdb" /SUBSYSTEM:WINDOWS /TLBID:1 /DYNAMICBASE /NXCOMPAT /IMPLIB:".\Debug\BusStation_Client.lib" /MACHINE:X86 /SAFESEH .\Debug\BusStation_Client.res
         .\Debug/BusStation_Client.obj
         .\Debug/BusStation_ClientDoc.obj
         .\Debug/BusStation_ClientView.obj
         .\Debug/MainFrm.obj
         .\Debug/MenuBar.obj
         .\Debug/SettingDlg.obj
         .\Debug/StdAfx.obj
         .\Debug/SubclassWnd.obj
     1>BusStation_Client.obj : warning LNK4075: '/EDITANDCONTINUE'이(가) '/OPT:LBR' 사양으로 인해 무시됩니다.
     1>LINK : warning LNK4098: 'MSVCRT' defaultlib가 다른 라이브러리와 충돌합니다. /NODEFAULTLIB:library를 사용하십시오.
         BusStation_Client.vcxproj -> D:\0.Git\MFC_BusStation\BusStation_Client\.\Debug\BusStation_Client.exe
     1>"D:\0.Git\MFC_BusStation\BusStation_Client\BusStation_Client.vcxproj" 프로젝트를 빌드했습니다(Build 대상).

빌드했습니다.

경과 시간: 00:00:21.04
